#
# A fatal error has been detected by the Java Runtime Environment:
#
#  EXCEPTION_ACCESS_VIOLATION (0xc0000005) at pc=0x00007ff98805c9f3, pid=68376, tid=62548
#
# JRE version: OpenJDK Runtime Environment (15.0.2+7) (build 15.0.2+7-27)
# Java VM: OpenJDK 64-Bit Server VM (15.0.2+7-27, mixed mode, tiered, compressed oops, g1 gc, windows-amd64)
# Problematic frame:
# C  [ig9icd64.dll+0x57c9f3]
#
# No core dump will be written. Minidumps are not enabled by default on client versions of Windows
#
# If you would like to submit a bug report, please visit:
#   https://bugreport.java.com/bugreport/crash.jsp
# The crash happened outside the Java Virtual Machine in native code.
# See problematic frame for where to report the bug.
#

---------------  S U M M A R Y ------------

Command Line: -Dfile.encoding=GBK -XX:+ShowCodeDetailsInExceptionMessages MainWindow

Host: Intel(R) Core(TM) i5-8300H CPU @ 2.30GHz, 8 cores, 7G,  Windows 10 , 64 bit Build 18362 (10.0.18362.1500)
Time: Sun Nov 21 11:47:53 2021 ?D1ú±ê×?ê±?? elapsed time: 382.725547 seconds (0d 0h 6m 22s)

---------------  T H R E A D  ---------------

Current thread (0x000001f5a030cff0):  JavaThread "main" [_thread_in_native, id=62548, stack(0x0000002007b00000,0x0000002007c00000)]

Stack: [0x0000002007b00000,0x0000002007c00000],  sp=0x0000002007bfc510,  free space=1009k
Native frames: (J=compiled Java code, j=interpreted, Vv=VM code, C=native code)
C  [ig9icd64.dll+0x57c9f3]

Java frames: (J=compiled Java code, j=interpreted, Vv=VM code)
J 926  org.lwjgl.opengl.GL11.nglVertex3f(FFFJ)V (0 bytes) @ 0x000001f5ad9522f1 [0x000001f5ad9522a0+0x0000000000000051]
J 958 c2 objects3D.TexSphere.DrawTexSphere(FFFLorg/newdawn/slick/opengl/Texture;)V (516 bytes) @ 0x000001f5ad958bc8 [0x000001f5ad958840+0x0000000000000388]
J 1126 c2 objects3D.Tree.Draw()V (363 bytes) @ 0x000001f5ad97b0c8 [0x000001f5ad97a720+0x00000000000009a8]
J 1175 c2 MainWindow.renderGL()V (829 bytes) @ 0x000001f5ad993a34 [0x000001f5ad991dc0+0x0000000000001c74]
j  MainWindow.start()V+70
j  MainWindow.main([Ljava/lang/String;)V+9
v  ~StubRoutines::call_stub

siginfo: EXCEPTION_ACCESS_VIOLATION (0xc0000005), reading address 0x0000000000000000


Register to memory mapping:

RIP=0x00007ff98805c9f3 ig9icd64.dll
RAX=0x0 is NULL
RBX=0x000001f5bd3c30b0 points into unknown readable memory: 0xffffffffffffffff | ff ff ff ff ff ff ff ff
RCX=0x0 is NULL
RDX=0x000001f6947eb810 points into unknown readable memory: 0x000001f5bd3b4b00 | 00 4b 3b bd f5 01 00 00
RSP=0x0000002007bfc510 is pointing into the stack for thread: 0x000001f5a030cff0
RBP=0x000001f5bd3b4b00 points into unknown readable memory: 0x000001f5bd3a0b40 | 40 0b 3a bd f5 01 00 00
RSI=0x000001f6947eb810 points into unknown readable memory: 0x000001f5bd3b4b00 | 00 4b 3b bd f5 01 00 00
RDI=0x000001f5bd63a080 points into unknown readable memory: 0x0000000000000000 | 00 00 00 00 00 00 00 00
R8 =0x000001f6947eb810 points into unknown readable memory: 0x000001f5bd3b4b00 | 00 4b 3b bd f5 01 00 00
R9 =0x000001f5bd455040 points into unknown readable memory: 0x000001f5bd3ccd00 | 00 cd 3c bd f5 01 00 00
R10=0x0 is NULL
R11=0x0000000000000246 is an unknown value
R12=0x000001f5bd4899b0 points into unknown readable memory: 0x000001f6947eb810 | 10 b8 7e 94 f6 01 00 00
R13=0x000001f5bd63a080 points into unknown readable memory: 0x0000000000000000 | 00 00 00 00 00 00 00 00
R14=0x000001f5bd4899a8 points into unknown readable memory: 0x000001f66f080000 | 00 00 08 6f f6 01 00 00
R15=0x000001f5bd63a080 points into unknown readable memory: 0x0000000000000000 | 00 00 00 00 00 00 00 00


Registers:
RAX=0x0000000000000000, RBX=0x000001f5bd3c30b0, RCX=0x0000000000000000, RDX=0x000001f6947eb810
RSP=0x0000002007bfc510, RBP=0x000001f5bd3b4b00, RSI=0x000001f6947eb810, RDI=0x000001f5bd63a080
R8 =0x000001f6947eb810, R9 =0x000001f5bd455040, R10=0x0000000000000000, R11=0x0000000000000246
R12=0x000001f5bd4899b0, R13=0x000001f5bd63a080, R14=0x000001f5bd4899a8, R15=0x000001f5bd63a080
RIP=0x00007ff98805c9f3, EFLAGS=0x0000000000010202

Top of Stack: (sp=0x0000002007bfc510)
0x0000002007bfc510:   00000000c0000017 00007ff9880599e6
0x0000002007bfc520:   000001f694eebb80 000001f694eebb80
0x0000002007bfc530:   0000000000000001 00007ff988043235
0x0000002007bfc540:   000001f6947eb810 000001f5bd3c30b0
0x0000002007bfc550:   000001f5bd3b4b00 0000000000000001
0x0000002007bfc560:   000001f694eebb80 000001f5bd63a288
0x0000002007bfc570:   0000000000000000 00007ff98805a566
0x0000002007bfc580:   000001f694eebb80 000001f5bd63a080
0x0000002007bfc590:   000001f694eebb80 000001f694eebc50
0x0000002007bfc5a0:   000001f5bd3b4b00 0000000000000001
0x0000002007bfc5b0:   000001f5bd3b4b00 000001f5bd63a080
0x0000002007bfc5c0:   0000000000000000 000001f5bd63a080
0x0000002007bfc5d0:   000001f5c7a586c0 00007ff988043610
0x0000002007bfc5e0:   000001f694eebb80 000001f5bd3c30b0
0x0000002007bfc5f0:   000001f6947eb830 0000000000000000
0x0000002007bfc600:   0000000000000000 000001f600000000 

Instructions: (pc=0x00007ff98805c9f3)
0x00007ff98805c8f3:   00 48 8b 80 e0 02 00 00 ff 15 df 4c 56 00 48 29
0x00007ff98805c903:   86 00 03 00 00 48 8b 8f a8 00 00 00 48 8b 51 08
0x00007ff98805c913:   48 8b 01 48 89 02 48 8b 11 48 8b 41 08 48 89 42
0x00007ff98805c923:   08 48 ff 8e f8 02 00 00 ba 18 00 00 00 e8 c3 21
0x00007ff98805c933:   f9 ff 4c 8b c7 48 8d 54 24 40 48 8d 8e b0 02 00
0x00007ff98805c943:   00 e8 b7 c0 a9 ff 48 c7 44 24 40 00 00 00 00 48
0x00007ff98805c953:   8d 4c 24 40 ff 15 93 47 56 00 48 8b 44 24 40 48
0x00007ff98805c963:   89 85 b8 00 00 00 eb 02 33 ed 48 8b cb ff 15 ba
0x00007ff98805c973:   48 56 00 48 8b c5 48 8b 5c 24 48 48 8b 6c 24 50
0x00007ff98805c983:   48 8b 74 24 58 48 83 c4 20 41 5e 41 5c 5f c3 cc
0x00007ff98805c993:   cc cc cc cc cc cc cc cc cc cc cc cc cc 48 85 d2
0x00007ff98805c9a3:   0f 84 f4 00 00 00 48 89 5c 24 08 48 89 74 24 18
0x00007ff98805c9b3:   57 48 83 ec 20 48 8b f2 48 8b f9 48 8b 1d fb d6
0x00007ff98805c9c3:   98 00 48 89 5c 24 38 48 8b cb ff 15 2d 47 56 00
0x00007ff98805c9d3:   90 48 8b 87 80 02 00 00 48 89 86 18 05 00 00 48
0x00007ff98805c9e3:   89 b7 80 02 00 00 ff 87 88 02 00 00 48 8b 4e 08
0x00007ff98805c9f3:   48 8b 01 ba 01 00 00 00 48 8b 80 e0 02 00 00 ff
0x00007ff98805ca03:   15 d8 4b 56 00 48 01 87 a0 02 00 00 48 8b 4e 08
0x00007ff98805ca13:   48 8b 01 ba 01 00 00 00 48 8b 80 e0 02 00 00 ff
0x00007ff98805ca23:   15 b8 4b 56 00 0f b7 c8 48 8b 97 90 02 00 00 48
0x00007ff98805ca33:   2b d1 48 8d 88 00 00 01 00 48 03 ca 48 89 8f 90
0x00007ff98805ca43:   02 00 00 48 8b 87 00 03 00 00 48 03 87 a0 02 00
0x00007ff98805ca53:   00 48 8b 15 85 64 89 00 48 3b 82 30 07 00 00 77
0x00007ff98805ca63:   10 48 03 8f 08 03 00 00 48 3b 8a 38 07 00 00 76
0x00007ff98805ca73:   11 45 33 c9 45 33 c0 48 8b d7 33 c9 e8 ec f8 ff
0x00007ff98805ca83:   ff 90 48 8b cb ff 15 a2 47 56 00 48 8b 5c 24 30
0x00007ff98805ca93:   48 8b 74 24 40 48 83 c4 20 5f c3 cc cc 40 53 48
0x00007ff98805caa3:   83 ec 70 4c 8b 94 24 a0 00 00 00 4d 8b d8 45 33
0x00007ff98805cab3:   c0 48 8b d9 41 8b c0 4d 85 d2 74 5e 0f 57 c0 ba
0x00007ff98805cac3:   ff 7f 00 00 0f 11 44 24 30 49 8b c2 90 66 44 39
0x00007ff98805cad3:   00 74 0a 48 83 c0 02 48 83 ea 01 75 f0 48 85 d2
0x00007ff98805cae3:   b9 0d 00 00 c0 41 0f 45 c8 74 1e 66 03 d2 4c 89 


Stack slot to memory mapping:
stack at sp + 0 slots: 
[error occurred during error reporting (inspecting top of stack), id 0xc0000005, EXCEPTION_ACCESS_VIOLATION (0xc0000005) at pc=0x00007ff996fa8322]


---------------  P R O C E S S  ---------------

Threads class SMR info:
_java_thread_list=0x000001f5c99a6900, length=13, elements={
0x000001f5a030cff0, 0x000001f5bce48020, 0x000001f5bce488e0, 0x000001f5bce631e0,
0x000001f5bce32a60, 0x000001f5bce33320, 0x000001f5bce33fc0, 0x000001f5bce5bc70,
0x000001f5bce60590, 0x000001f5bd011020, 0x000001f5bd049c90, 0x000001f5c8b0ef90,
0x000001f5c99eebb0
}

Java Threads: ( => current thread )
=>0x000001f5a030cff0 JavaThread "main" [_thread_in_native, id=62548, stack(0x0000002007b00000,0x0000002007c00000)]
  0x000001f5bce48020 JavaThread "Reference Handler" daemon [_thread_blocked, id=68688, stack(0x0000002008200000,0x0000002008300000)]
  0x000001f5bce488e0 JavaThread "Finalizer" daemon [_thread_blocked, id=68836, stack(0x0000002008300000,0x0000002008400000)]
  0x000001f5bce631e0 JavaThread "Signal Dispatcher" daemon [_thread_blocked, id=69516, stack(0x0000002008400000,0x0000002008500000)]
  0x000001f5bce32a60 JavaThread "Attach Listener" daemon [_thread_blocked, id=68488, stack(0x0000002008500000,0x0000002008600000)]
  0x000001f5bce33320 JavaThread "Service Thread" daemon [_thread_blocked, id=34232, stack(0x0000002008600000,0x0000002008700000)]
  0x000001f5bce33fc0 JavaThread "C2 CompilerThread0" daemon [_thread_blocked, id=20184, stack(0x0000002008700000,0x0000002008800000)]
  0x000001f5bce5bc70 JavaThread "C1 CompilerThread0" daemon [_thread_blocked, id=69084, stack(0x0000002008800000,0x0000002008900000)]
  0x000001f5bce60590 JavaThread "Sweeper thread" daemon [_thread_blocked, id=64956, stack(0x0000002008900000,0x0000002008a00000)]
  0x000001f5bd011020 JavaThread "Notification Thread" daemon [_thread_blocked, id=57244, stack(0x0000002008a00000,0x0000002008b00000)]
  0x000001f5bd049c90 JavaThread "Common-Cleaner" daemon [_thread_blocked, id=53488, stack(0x0000002008c00000,0x0000002008d00000)]
  0x000001f5c8b0ef90 JavaThread "Java2D Disposer" daemon [_thread_blocked, id=64748, stack(0x0000002009200000,0x0000002009300000)]
  0x000001f5c99eebb0 JavaThread "LWJGL Timer" daemon [_thread_blocked, id=68792, stack(0x0000002009400000,0x0000002009500000)]

Other Threads:
  0x000001f5bce113a0 VMThread "VM Thread" [stack: 0x0000002008100000,0x0000002008200000] [id=58876]
  0x000001f5bd031500 WatcherThread [stack: 0x0000002008b00000,0x0000002008c00000] [id=68924]
  0x000001f5a24708b0 GCTaskThread "GC Thread#0" [stack: 0x0000002007c00000,0x0000002007d00000] [id=65624]
  0x000001f5bd637a40 GCTaskThread "GC Thread#1" [stack: 0x0000002009100000,0x0000002009200000] [id=30164]
  0x000001f5bd6380a0 GCTaskThread "GC Thread#2" [stack: 0x0000002009300000,0x0000002009400000] [id=59612]
  0x000001f5a24823e0 ConcurrentGCThread "G1 Main Marker" [stack: 0x0000002007d00000,0x0000002007e00000] [id=66708]
  0x000001f5a2483700 ConcurrentGCThread "G1 Conc#0" [stack: 0x0000002007e00000,0x0000002007f00000] [id=67036]
  0x000001f5a24ed550 ConcurrentGCThread "G1 Refine#0" [stack: 0x0000002007f00000,0x0000002008000000] [id=66652]
  0x000001f5a24ee0e0 ConcurrentGCThread "G1 Young RemSet Sampling" [stack: 0x0000002008000000,0x0000002008100000] [id=68912]

Threads with active compile tasks:

VM state: not at safepoint (normal execution)

VM Mutex/Monitor currently owned by a thread: None

Heap address: 0x0000000083600000, size: 1994 MB, Compressed Oops mode: 32-bit
CDS disabled.
Compressed class space mapped at: 0x0000000100000000-0x0000000140000000, size: 1073741824
Narrow klass base: 0x0000000000000000, Narrow klass shift: 3, Narrow klass range: 0x140000000

GC Precious Log:
 CPUs: 8 total, 8 available
 Memory: 7973M
 Large Page Support: Disabled
 NUMA Support: Disabled
 Compressed Oops: Enabled (32-bit)
 Heap Region Size: 1M
 Heap Min Capacity: 8M
 Heap Initial Capacity: 126M
 Heap Max Capacity: 1994M
 Pre-touch: Disabled
 Parallel Workers: 8
 Concurrent Workers: 2
 Concurrent Refinement Workers: 8
 Periodic GC: Disabled

Heap:
 garbage-first heap   total 129024K, used 65394K [0x0000000083600000, 0x0000000100000000)
  region size 1024K, 59 young (60416K), 4 survivors (4096K)
 Metaspace       used 13109K, capacity 13280K, committed 13568K, reserved 1060864K
  class space    used 1096K, capacity 1173K, committed 1280K, reserved 1048576K

Heap Regions: E=young(eden), S=young(survivor), O=old, HS=humongous(starts), HC=humongous(continues), CS=collection set, F=free, OA=open archive, CA=closed archive, TAMS=top-at-mark-start (previous, next)
|   0|0x0000000083600000, 0x0000000083600000, 0x0000000083700000|  0%| F|  |TAMS 0x0000000083600000, 0x0000000083600000| Untracked 
|   1|0x0000000083700000, 0x0000000083800000, 0x0000000083800000|100%|HS|  |TAMS 0x0000000083700000, 0x0000000083700000| Complete 
|   2|0x0000000083800000, 0x0000000083900000, 0x0000000083900000|100%|HC|  |TAMS 0x0000000083800000, 0x0000000083800000| Complete 
|   3|0x0000000083900000, 0x0000000083a00000, 0x0000000083a00000|100%|HS|  |TAMS 0x0000000083900000, 0x0000000083900000| Complete 
|   4|0x0000000083a00000, 0x0000000083b00000, 0x0000000083b00000|100%|HC|  |TAMS 0x0000000083a00000, 0x0000000083a00000| Complete 
|   5|0x0000000083b00000, 0x0000000083b00000, 0x0000000083c00000|  0%| F|  |TAMS 0x0000000083b00000, 0x0000000083b00000| Untracked 
|   6|0x0000000083c00000, 0x0000000083c00000, 0x0000000083d00000|  0%| F|  |TAMS 0x0000000083c00000, 0x0000000083c00000| Untracked 
|   7|0x0000000083d00000, 0x0000000083d00000, 0x0000000083e00000|  0%| F|  |TAMS 0x0000000083d00000, 0x0000000083d00000| Untracked 
|   8|0x0000000083e00000, 0x0000000083e00000, 0x0000000083f00000|  0%| F|  |TAMS 0x0000000083e00000, 0x0000000083e00000| Untracked 
|   9|0x0000000083f00000, 0x0000000084000000, 0x0000000084000000|100%| O|  |TAMS 0x0000000083f00000, 0x0000000083f00000| Untracked 
|  10|0x0000000084000000, 0x0000000084100000, 0x0000000084100000|100%| O|  |TAMS 0x0000000084000000, 0x0000000084000000| Untracked 
|  11|0x0000000084100000, 0x0000000084193e00, 0x0000000084200000| 57%| O|  |TAMS 0x0000000084100000, 0x0000000084100000| Untracked 
|  12|0x0000000084200000, 0x0000000084200000, 0x0000000084300000|  0%| F|  |TAMS 0x0000000084200000, 0x0000000084200000| Untracked 
|  13|0x0000000084300000, 0x0000000084300000, 0x0000000084400000|  0%| F|  |TAMS 0x0000000084300000, 0x0000000084300000| Untracked 
|  14|0x0000000084400000, 0x0000000084400000, 0x0000000084500000|  0%| F|  |TAMS 0x0000000084400000, 0x0000000084400000| Untracked 
|  15|0x0000000084500000, 0x0000000084500000, 0x0000000084600000|  0%| F|  |TAMS 0x0000000084500000, 0x0000000084500000| Untracked 
|  16|0x0000000084600000, 0x0000000084600000, 0x0000000084700000|  0%| F|  |TAMS 0x0000000084600000, 0x0000000084600000| Untracked 
|  17|0x0000000084700000, 0x0000000084700000, 0x0000000084800000|  0%| F|  |TAMS 0x0000000084700000, 0x0000000084700000| Untracked 
|  18|0x0000000084800000, 0x0000000084800000, 0x0000000084900000|  0%| F|  |TAMS 0x0000000084800000, 0x0000000084800000| Untracked 
|  19|0x0000000084900000, 0x0000000084900000, 0x0000000084a00000|  0%| F|  |TAMS 0x0000000084900000, 0x0000000084900000| Untracked 
|  20|0x0000000084a00000, 0x0000000084a00000, 0x0000000084b00000|  0%| F|  |TAMS 0x0000000084a00000, 0x0000000084a00000| Untracked 
|  21|0x0000000084b00000, 0x0000000084b00000, 0x0000000084c00000|  0%| F|  |TAMS 0x0000000084b00000, 0x0000000084b00000| Untracked 
|  22|0x0000000084c00000, 0x0000000084c00000, 0x0000000084d00000|  0%| F|  |TAMS 0x0000000084c00000, 0x0000000084c00000| Untracked 
|  23|0x0000000084d00000, 0x0000000084d00000, 0x0000000084e00000|  0%| F|  |TAMS 0x0000000084d00000, 0x0000000084d00000| Untracked 
|  24|0x0000000084e00000, 0x0000000084e00000, 0x0000000084f00000|  0%| F|  |TAMS 0x0000000084e00000, 0x0000000084e00000| Untracked 
|  25|0x0000000084f00000, 0x0000000084f00000, 0x0000000085000000|  0%| F|  |TAMS 0x0000000084f00000, 0x0000000084f00000| Untracked 
|  26|0x0000000085000000, 0x0000000085000000, 0x0000000085100000|  0%| F|  |TAMS 0x0000000085000000, 0x0000000085000000| Untracked 
|  27|0x0000000085100000, 0x0000000085100000, 0x0000000085200000|  0%| F|  |TAMS 0x0000000085100000, 0x0000000085100000| Untracked 
|  28|0x0000000085200000, 0x0000000085200000, 0x0000000085300000|  0%| F|  |TAMS 0x0000000085200000, 0x0000000085200000| Untracked 
|  29|0x0000000085300000, 0x0000000085300000, 0x0000000085400000|  0%| F|  |TAMS 0x0000000085300000, 0x0000000085300000| Untracked 
|  30|0x0000000085400000, 0x0000000085400000, 0x0000000085500000|  0%| F|  |TAMS 0x0000000085400000, 0x0000000085400000| Untracked 
|  31|0x0000000085500000, 0x0000000085500000, 0x0000000085600000|  0%| F|  |TAMS 0x0000000085500000, 0x0000000085500000| Untracked 
|  32|0x0000000085600000, 0x0000000085600000, 0x0000000085700000|  0%| F|  |TAMS 0x0000000085600000, 0x0000000085600000| Untracked 
|  33|0x0000000085700000, 0x0000000085700000, 0x0000000085800000|  0%| F|  |TAMS 0x0000000085700000, 0x0000000085700000| Untracked 
|  34|0x0000000085800000, 0x0000000085800000, 0x0000000085900000|  0%| F|  |TAMS 0x0000000085800000, 0x0000000085800000| Untracked 
|  35|0x0000000085900000, 0x0000000085900000, 0x0000000085a00000|  0%| F|  |TAMS 0x0000000085900000, 0x0000000085900000| Untracked 
|  36|0x0000000085a00000, 0x0000000085a00000, 0x0000000085b00000|  0%| F|  |TAMS 0x0000000085a00000, 0x0000000085a00000| Untracked 
|  37|0x0000000085b00000, 0x0000000085b00000, 0x0000000085c00000|  0%| F|  |TAMS 0x0000000085b00000, 0x0000000085b00000| Untracked 
|  38|0x0000000085c00000, 0x0000000085c00000, 0x0000000085d00000|  0%| F|  |TAMS 0x0000000085c00000, 0x0000000085c00000| Untracked 
|  39|0x0000000085d00000, 0x0000000085d00000, 0x0000000085e00000|  0%| F|  |TAMS 0x0000000085d00000, 0x0000000085d00000| Untracked 
|  40|0x0000000085e00000, 0x0000000085e00000, 0x0000000085f00000|  0%| F|  |TAMS 0x0000000085e00000, 0x0000000085e00000| Untracked 
|  41|0x0000000085f00000, 0x0000000085f00000, 0x0000000086000000|  0%| F|  |TAMS 0x0000000085f00000, 0x0000000085f00000| Untracked 
|  42|0x0000000086000000, 0x0000000086000000, 0x0000000086100000|  0%| F|  |TAMS 0x0000000086000000, 0x0000000086000000| Untracked 
|  43|0x0000000086100000, 0x0000000086100000, 0x0000000086200000|  0%| F|  |TAMS 0x0000000086100000, 0x0000000086100000| Untracked 
|  44|0x0000000086200000, 0x0000000086200000, 0x0000000086300000|  0%| F|  |TAMS 0x0000000086200000, 0x0000000086200000| Untracked 
|  45|0x0000000086300000, 0x0000000086300000, 0x0000000086400000|  0%| F|  |TAMS 0x0000000086300000, 0x0000000086300000| Untracked 
|  46|0x0000000086400000, 0x0000000086400000, 0x0000000086500000|  0%| F|  |TAMS 0x0000000086400000, 0x0000000086400000| Untracked 
|  47|0x0000000086500000, 0x0000000086548d18, 0x0000000086600000| 28%| S|CS|TAMS 0x0000000086500000, 0x0000000086500000| Complete 
|  48|0x0000000086600000, 0x0000000086700000, 0x0000000086700000|100%| S|CS|TAMS 0x0000000086600000, 0x0000000086600000| Complete 
|  49|0x0000000086700000, 0x0000000086800000, 0x0000000086800000|100%| S|CS|TAMS 0x0000000086700000, 0x0000000086700000| Complete 
|  50|0x0000000086800000, 0x0000000086900000, 0x0000000086900000|100%| S|CS|TAMS 0x0000000086800000, 0x0000000086800000| Complete 
|  51|0x0000000086900000, 0x0000000086900000, 0x0000000086a00000|  0%| F|  |TAMS 0x0000000086900000, 0x0000000086900000| Untracked 
|  52|0x0000000086a00000, 0x0000000086a00000, 0x0000000086b00000|  0%| F|  |TAMS 0x0000000086a00000, 0x0000000086a00000| Untracked 
|  53|0x0000000086b00000, 0x0000000086b00000, 0x0000000086c00000|  0%| F|  |TAMS 0x0000000086b00000, 0x0000000086b00000| Untracked 
|  54|0x0000000086c00000, 0x0000000086c00000, 0x0000000086d00000|  0%| F|  |TAMS 0x0000000086c00000, 0x0000000086c00000| Untracked 
|  55|0x0000000086d00000, 0x0000000086d00000, 0x0000000086e00000|  0%| F|  |TAMS 0x0000000086d00000, 0x0000000086d00000| Untracked 
|  56|0x0000000086e00000, 0x0000000086e00000, 0x0000000086f00000|  0%| F|  |TAMS 0x0000000086e00000, 0x0000000086e00000| Untracked 
|  57|0x0000000086f00000, 0x0000000086f00000, 0x0000000087000000|  0%| F|  |TAMS 0x0000000086f00000, 0x0000000086f00000| Untracked 
|  58|0x0000000087000000, 0x0000000087000000, 0x0000000087100000|  0%| F|  |TAMS 0x0000000087000000, 0x0000000087000000| Untracked 
|  59|0x0000000087100000, 0x0000000087100000, 0x0000000087200000|  0%| F|  |TAMS 0x0000000087100000, 0x0000000087100000| Untracked 
|  60|0x0000000087200000, 0x0000000087200000, 0x0000000087300000|  0%| F|  |TAMS 0x0000000087200000, 0x0000000087200000| Untracked 
|  61|0x0000000087300000, 0x0000000087300000, 0x0000000087400000|  0%| F|  |TAMS 0x0000000087300000, 0x0000000087300000| Untracked 
|  62|0x0000000087400000, 0x0000000087400000, 0x0000000087500000|  0%| F|  |TAMS 0x0000000087400000, 0x0000000087400000| Untracked 
|  63|0x0000000087500000, 0x0000000087500000, 0x0000000087600000|  0%| F|  |TAMS 0x0000000087500000, 0x0000000087500000| Untracked 
|  64|0x0000000087600000, 0x0000000087600000, 0x0000000087700000|  0%| F|  |TAMS 0x0000000087600000, 0x0000000087600000| Untracked 
|  65|0x0000000087700000, 0x0000000087700000, 0x0000000087800000|  0%| F|  |TAMS 0x0000000087700000, 0x0000000087700000| Untracked 
|  66|0x0000000087800000, 0x0000000087800000, 0x0000000087900000|  0%| F|  |TAMS 0x0000000087800000, 0x0000000087800000| Untracked 
|  67|0x0000000087900000, 0x0000000087900000, 0x0000000087a00000|  0%| F|  |TAMS 0x0000000087900000, 0x0000000087900000| Untracked 
|  68|0x0000000087a00000, 0x0000000087a00000, 0x0000000087b00000|  0%| F|  |TAMS 0x0000000087a00000, 0x0000000087a00000| Untracked 
|  69|0x0000000087b00000, 0x0000000087b00000, 0x0000000087c00000|  0%| F|  |TAMS 0x0000000087b00000, 0x0000000087b00000| Untracked 
|  70|0x0000000087c00000, 0x0000000087c00000, 0x0000000087d00000|  0%| F|  |TAMS 0x0000000087c00000, 0x0000000087c00000| Untracked 
|  71|0x0000000087d00000, 0x0000000087e00000, 0x0000000087e00000|100%| E|  |TAMS 0x0000000087d00000, 0x0000000087d00000| Complete 
|  72|0x0000000087e00000, 0x0000000087f00000, 0x0000000087f00000|100%| E|CS|TAMS 0x0000000087e00000, 0x0000000087e00000| Complete 
|  73|0x0000000087f00000, 0x0000000088000000, 0x0000000088000000|100%| E|CS|TAMS 0x0000000087f00000, 0x0000000087f00000| Complete 
|  74|0x0000000088000000, 0x0000000088100000, 0x0000000088100000|100%| E|CS|TAMS 0x0000000088000000, 0x0000000088000000| Complete 
|  75|0x0000000088100000, 0x0000000088200000, 0x0000000088200000|100%| E|CS|TAMS 0x0000000088100000, 0x0000000088100000| Complete 
|  76|0x0000000088200000, 0x0000000088300000, 0x0000000088300000|100%| E|CS|TAMS 0x0000000088200000, 0x0000000088200000| Complete 
|  77|0x0000000088300000, 0x0000000088400000, 0x0000000088400000|100%| E|CS|TAMS 0x0000000088300000, 0x0000000088300000| Complete 
|  78|0x0000000088400000, 0x0000000088500000, 0x0000000088500000|100%| E|CS|TAMS 0x0000000088400000, 0x0000000088400000| Complete 
|  79|0x0000000088500000, 0x0000000088600000, 0x0000000088600000|100%| E|CS|TAMS 0x0000000088500000, 0x0000000088500000| Complete 
|  80|0x0000000088600000, 0x0000000088700000, 0x0000000088700000|100%| E|CS|TAMS 0x0000000088600000, 0x0000000088600000| Complete 
|  81|0x0000000088700000, 0x0000000088800000, 0x0000000088800000|100%| E|CS|TAMS 0x0000000088700000, 0x0000000088700000| Complete 
|  82|0x0000000088800000, 0x0000000088900000, 0x0000000088900000|100%| E|CS|TAMS 0x0000000088800000, 0x0000000088800000| Complete 
|  83|0x0000000088900000, 0x0000000088a00000, 0x0000000088a00000|100%| E|CS|TAMS 0x0000000088900000, 0x0000000088900000| Complete 
|  84|0x0000000088a00000, 0x0000000088b00000, 0x0000000088b00000|100%| E|CS|TAMS 0x0000000088a00000, 0x0000000088a00000| Complete 
|  85|0x0000000088b00000, 0x0000000088c00000, 0x0000000088c00000|100%| E|CS|TAMS 0x0000000088b00000, 0x0000000088b00000| Complete 
|  86|0x0000000088c00000, 0x0000000088d00000, 0x0000000088d00000|100%| E|CS|TAMS 0x0000000088c00000, 0x0000000088c00000| Complete 
|  87|0x0000000088d00000, 0x0000000088e00000, 0x0000000088e00000|100%| E|CS|TAMS 0x0000000088d00000, 0x0000000088d00000| Complete 
|  88|0x0000000088e00000, 0x0000000088f00000, 0x0000000088f00000|100%| E|CS|TAMS 0x0000000088e00000, 0x0000000088e00000| Complete 
|  89|0x0000000088f00000, 0x0000000089000000, 0x0000000089000000|100%| E|CS|TAMS 0x0000000088f00000, 0x0000000088f00000| Complete 
|  90|0x0000000089000000, 0x0000000089100000, 0x0000000089100000|100%| E|CS|TAMS 0x0000000089000000, 0x0000000089000000| Complete 
|  91|0x0000000089100000, 0x0000000089200000, 0x0000000089200000|100%| E|CS|TAMS 0x0000000089100000, 0x0000000089100000| Complete 
|  92|0x0000000089200000, 0x0000000089300000, 0x0000000089300000|100%| E|CS|TAMS 0x0000000089200000, 0x0000000089200000| Complete 
|  93|0x0000000089300000, 0x0000000089400000, 0x0000000089400000|100%| E|CS|TAMS 0x0000000089300000, 0x0000000089300000| Complete 
|  94|0x0000000089400000, 0x0000000089500000, 0x0000000089500000|100%| E|CS|TAMS 0x0000000089400000, 0x0000000089400000| Complete 
|  95|0x0000000089500000, 0x0000000089600000, 0x0000000089600000|100%| E|CS|TAMS 0x0000000089500000, 0x0000000089500000| Complete 
|  96|0x0000000089600000, 0x0000000089700000, 0x0000000089700000|100%| E|CS|TAMS 0x0000000089600000, 0x0000000089600000| Complete 
|  97|0x0000000089700000, 0x0000000089800000, 0x0000000089800000|100%| E|CS|TAMS 0x0000000089700000, 0x0000000089700000| Complete 
|  98|0x0000000089800000, 0x0000000089900000, 0x0000000089900000|100%| E|CS|TAMS 0x0000000089800000, 0x0000000089800000| Complete 
|  99|0x0000000089900000, 0x0000000089a00000, 0x0000000089a00000|100%| E|CS|TAMS 0x0000000089900000, 0x0000000089900000| Complete 
| 100|0x0000000089a00000, 0x0000000089b00000, 0x0000000089b00000|100%| E|CS|TAMS 0x0000000089a00000, 0x0000000089a00000| Complete 
| 101|0x0000000089b00000, 0x0000000089c00000, 0x0000000089c00000|100%| E|CS|TAMS 0x0000000089b00000, 0x0000000089b00000| Complete 
| 102|0x0000000089c00000, 0x0000000089d00000, 0x0000000089d00000|100%| E|CS|TAMS 0x0000000089c00000, 0x0000000089c00000| Complete 
| 103|0x0000000089d00000, 0x0000000089e00000, 0x0000000089e00000|100%| E|CS|TAMS 0x0000000089d00000, 0x0000000089d00000| Complete 
| 104|0x0000000089e00000, 0x0000000089f00000, 0x0000000089f00000|100%| E|CS|TAMS 0x0000000089e00000, 0x0000000089e00000| Complete 
| 105|0x0000000089f00000, 0x000000008a000000, 0x000000008a000000|100%| E|CS|TAMS 0x0000000089f00000, 0x0000000089f00000| Complete 
| 106|0x000000008a000000, 0x000000008a100000, 0x000000008a100000|100%| E|CS|TAMS 0x000000008a000000, 0x000000008a000000| Complete 
| 107|0x000000008a100000, 0x000000008a200000, 0x000000008a200000|100%| E|CS|TAMS 0x000000008a100000, 0x000000008a100000| Complete 
| 108|0x000000008a200000, 0x000000008a300000, 0x000000008a300000|100%| E|CS|TAMS 0x000000008a200000, 0x000000008a200000| Complete 
| 109|0x000000008a300000, 0x000000008a400000, 0x000000008a400000|100%| E|CS|TAMS 0x000000008a300000, 0x000000008a300000| Complete 
| 110|0x000000008a400000, 0x000000008a500000, 0x000000008a500000|100%| E|CS|TAMS 0x000000008a400000, 0x000000008a400000| Complete 
| 111|0x000000008a500000, 0x000000008a600000, 0x000000008a600000|100%| E|CS|TAMS 0x000000008a500000, 0x000000008a500000| Complete 
| 112|0x000000008a600000, 0x000000008a700000, 0x000000008a700000|100%| E|CS|TAMS 0x000000008a600000, 0x000000008a600000| Complete 
| 113|0x000000008a700000, 0x000000008a800000, 0x000000008a800000|100%| E|CS|TAMS 0x000000008a700000, 0x000000008a700000| Complete 
| 114|0x000000008a800000, 0x000000008a900000, 0x000000008a900000|100%| E|CS|TAMS 0x000000008a800000, 0x000000008a800000| Complete 
| 115|0x000000008a900000, 0x000000008aa00000, 0x000000008aa00000|100%| E|CS|TAMS 0x000000008a900000, 0x000000008a900000| Complete 
| 116|0x000000008aa00000, 0x000000008ab00000, 0x000000008ab00000|100%| E|CS|TAMS 0x000000008aa00000, 0x000000008aa00000| Complete 
| 117|0x000000008ab00000, 0x000000008ac00000, 0x000000008ac00000|100%| E|CS|TAMS 0x000000008ab00000, 0x000000008ab00000| Complete 
| 118|0x000000008ac00000, 0x000000008ad00000, 0x000000008ad00000|100%| E|CS|TAMS 0x000000008ac00000, 0x000000008ac00000| Complete 
| 119|0x000000008ad00000, 0x000000008ae00000, 0x000000008ae00000|100%| E|CS|TAMS 0x000000008ad00000, 0x000000008ad00000| Complete 
| 120|0x000000008ae00000, 0x000000008af00000, 0x000000008af00000|100%| E|CS|TAMS 0x000000008ae00000, 0x000000008ae00000| Complete 
| 121|0x000000008af00000, 0x000000008b000000, 0x000000008b000000|100%| E|CS|TAMS 0x000000008af00000, 0x000000008af00000| Complete 
| 122|0x000000008b000000, 0x000000008b100000, 0x000000008b100000|100%| E|CS|TAMS 0x000000008b000000, 0x000000008b000000| Complete 
| 123|0x000000008b100000, 0x000000008b200000, 0x000000008b200000|100%| E|CS|TAMS 0x000000008b100000, 0x000000008b100000| Complete 
| 124|0x000000008b200000, 0x000000008b300000, 0x000000008b300000|100%| E|CS|TAMS 0x000000008b200000, 0x000000008b200000| Complete 
| 125|0x000000008b300000, 0x000000008b400000, 0x000000008b400000|100%| E|CS|TAMS 0x000000008b300000, 0x000000008b300000| Complete 

Card table byte_map: [0x000001f5b5550000,0x000001f5b5940000] _byte_map_base: 0x000001f5b5135000

Marking Bits (Prev, Next): (CMBitMap*) 0x000001f5a2472040, (CMBitMap*) 0x000001f5a2472080
 Prev Bits: [0x000001f5b5d30000, 0x000001f5b7c58000)
 Next Bits: [0x000001f5b7c60000, 0x000001f5b9b88000)

Polling page: 0x000001f5a0200000

Metaspace:

Usage:
  Non-class:     11.82 MB capacity,    11.73 MB (>99%) used,    81.09 KB ( <1%) free+waste,    12.94 KB ( <1%) overhead. 
      Class:      1.15 MB capacity,     1.07 MB ( 94%) used,    71.89 KB (  6%) free+waste,     4.25 KB ( <1%) overhead. 
       Both:     12.97 MB capacity,    12.80 MB ( 99%) used,   152.98 KB (  1%) free+waste,    17.19 KB ( <1%) overhead. 

Virtual space:
  Non-class space:       12.00 MB reserved,      12.00 MB (100%) committed 
      Class space:        1.00 GB reserved,       1.25 MB ( <1%) committed 
             Both:        1.01 GB reserved,      13.25 MB (  1%) committed 

Chunk freelists:
   Non-Class:  53.00 KB
       Class:  11.00 KB
        Both:  64.00 KB

MaxMetaspaceSize: 17179869184.00 GB
CompressedClassSpaceSize: 1.00 GB

CodeHeap 'non-profiled nmethods': size=120000Kb used=684Kb max_used=684Kb free=119315Kb
 bounds [0x000001f5ad900000, 0x000001f5adb70000, 0x000001f5b4e30000]
CodeHeap 'profiled nmethods': size=120000Kb used=1959Kb max_used=1959Kb free=118040Kb
 bounds [0x000001f5a63d0000, 0x000001f5a6640000, 0x000001f5ad900000]
CodeHeap 'non-nmethods': size=5760Kb used=1290Kb max_used=1331Kb free=4469Kb
 bounds [0x000001f5a5e30000, 0x000001f5a60a0000, 0x000001f5a63d0000]
 total_blobs=1802 nmethods=1217 adapters=498
 compilation: enabled
              stopped_count=0, restarted_count=0
 full_count=0

Compilation events (20 events):
Event: 257.052 Thread 0x000001f5bce5bc70 1209       3       org.lwjgl.MemoryUtil::encodeUTF16 (8 bytes)
Event: 257.052 Thread 0x000001f5bce5bc70 nmethod 1209 0x000001f5a65b6b90 code [0x000001f5a65b6d80, 0x000001f5a65b7268]
Event: 257.052 Thread 0x000001f5bce5bc70 1210       3       sun.nio.cs.UTF_16LE$Encoder::<init> (8 bytes)
Event: 257.054 Thread 0x000001f5bce5bc70 nmethod 1210 0x000001f5a65b7490 code [0x000001f5a65b7640, 0x000001f5a65b7768]
Event: 258.020 Thread 0x000001f5bce5bc70 1211   !   3       java.nio.ByteBuffer::wrap (21 bytes)
Event: 258.020 Thread 0x000001f5bce5bc70 nmethod 1211 0x000001f5a65b7810 code [0x000001f5a65b79c0, 0x000001f5a65b7bf8]
Event: 266.678 Thread 0x000001f5bce33fc0 1212       4       org.lwjgl.opengl.WindowsMouse::poll (222 bytes)
Event: 266.694 Thread 0x000001f5bce33fc0 nmethod 1212 0x000001f5ad9a7090 code [0x000001f5ad9a7240, 0x000001f5ad9a7b18]
Event: 281.031 Thread 0x000001f5bce5bc70 1213   !   3       sun.nio.cs.UnicodeEncoder::encodeLoop (207 bytes)
Event: 281.035 Thread 0x000001f5bce5bc70 nmethod 1213 0x000001f5a65b7d10 code [0x000001f5a65b8020, 0x000001f5a65b90c8]
Event: 292.184 Thread 0x000001f5bce33fc0 1214       4       java.nio.Buffer::nextPutIndex (30 bytes)
Event: 292.185 Thread 0x000001f5bce33fc0 nmethod 1214 0x000001f5ad9a8010 code [0x000001f5ad9a8180, 0x000001f5ad9a8218]
Event: 304.198 Thread 0x000001f5bce33fc0 1215   !   4       java.nio.ByteBuffer::put (248 bytes)
Event: 304.210 Thread 0x000001f5bce33fc0 nmethod 1215 0x000001f5ad9a8310 code [0x000001f5ad9a84c0, 0x000001f5ad9a88f8]
Event: 304.272 Thread 0x000001f5bce33fc0 1216       4       java.nio.HeapByteBuffer::put (12 bytes)
Event: 304.276 Thread 0x000001f5bce33fc0 nmethod 1216 0x000001f5ad9a8e90 code [0x000001f5ad9a9020, 0x000001f5ad9a9478]
Event: 308.097 Thread 0x000001f5bce33fc0 1217  s    4       org.lwjgl.opengl.EventQueue::copyEvents (77 bytes)
Event: 308.105 Thread 0x000001f5bce33fc0 nmethod 1217 0x000001f5ad9a9a90 code [0x000001f5ad9a9c60, 0x000001f5ad9aa718]
Event: 343.799 Thread 0x000001f5bce5bc70 1218   !   3       org.lwjgl.opengl.Display::setTitle (45 bytes)
Event: 343.829 Thread 0x000001f5bce5bc70 nmethod 1218 0x000001f5a65b9810 code [0x000001f5a65b99e0, 0x000001f5a65b9e08]

GC Heap History (10 events):
Event: 0.854 GC heap before
{Heap before GC invocations=0 (full 0):
 garbage-first heap   total 129024K, used 28672K [0x0000000083600000, 0x0000000100000000)
  region size 1024K, 23 young (23552K), 0 survivors (0K)
 Metaspace       used 12768K, capacity 12896K, committed 13184K, reserved 1060864K
  class space    used 1081K, capacity 1109K, committed 1152K, reserved 1048576K
}
Event: 0.857 GC heap after
{Heap after GC invocations=1 (full 0):
 garbage-first heap   total 129024K, used 8157K [0x0000000083600000, 0x0000000100000000)
  region size 1024K, 3 young (3072K), 3 survivors (3072K)
 Metaspace       used 12768K, capacity 12896K, committed 13184K, reserved 1060864K
  class space    used 1081K, capacity 1109K, committed 1152K, reserved 1048576K
}
Event: 1.025 GC heap before
{Heap before GC invocations=1 (full 0):
 garbage-first heap   total 129024K, used 43997K [0x0000000083600000, 0x0000000100000000)
  region size 1024K, 34 young (34816K), 3 survivors (3072K)
 Metaspace       used 12779K, capacity 12896K, committed 13184K, reserved 1060864K
  class space    used 1081K, capacity 1109K, committed 1152K, reserved 1048576K
}
Event: 1.028 GC heap after
{Heap after GC invocations=2 (full 0):
 garbage-first heap   total 129024K, used 8455K [0x0000000083600000, 0x0000000100000000)
  region size 1024K, 1 young (1024K), 1 survivors (1024K)
 Metaspace       used 12779K, capacity 12896K, committed 13184K, reserved 1060864K
  class space    used 1081K, capacity 1109K, committed 1152K, reserved 1048576K
}
Event: 1.571 GC heap before
{Heap before GC invocations=2 (full 0):
 garbage-first heap   total 129024K, used 106759K [0x0000000083600000, 0x0000000100000000)
  region size 1024K, 75 young (76800K), 1 survivors (1024K)
 Metaspace       used 12909K, capacity 13056K, committed 13184K, reserved 1060864K
  class space    used 1090K, capacity 1141K, committed 1152K, reserved 1048576K
}
Event: 1.571 GC heap after
{Heap after GC invocations=3 (full 0):
 garbage-first heap   total 129024K, used 21184K [0x0000000083600000, 0x0000000100000000)
  region size 1024K, 1 young (1024K), 1 survivors (1024K)
 Metaspace       used 12909K, capacity 13056K, committed 13184K, reserved 1060864K
  class space    used 1090K, capacity 1141K, committed 1152K, reserved 1048576K
}
Event: 7.108 GC heap before
{Heap before GC invocations=3 (full 0):
 garbage-first heap   total 129024K, used 111296K [0x0000000083600000, 0x0000000100000000)
  region size 1024K, 75 young (76800K), 1 survivors (1024K)
 Metaspace       used 13007K, capacity 13216K, committed 13568K, reserved 1060864K
  class space    used 1096K, capacity 1173K, committed 1280K, reserved 1048576K
}
Event: 7.109 GC heap after
{Heap after GC invocations=4 (full 0):
 garbage-first heap   total 129024K, used 19229K [0x0000000083600000, 0x0000000100000000)
  region size 1024K, 1 young (1024K), 1 survivors (1024K)
 Metaspace       used 13007K, capacity 13216K, committed 13568K, reserved 1060864K
  class space    used 1096K, capacity 1173K, committed 1280K, reserved 1048576K
}
Event: 212.711 GC heap before
{Heap before GC invocations=4 (full 0):
 garbage-first heap   total 129024K, used 95005K [0x0000000083600000, 0x0000000100000000)
  region size 1024K, 75 young (76800K), 1 survivors (1024K)
 Metaspace       used 13098K, capacity 13280K, committed 13568K, reserved 1060864K
  class space    used 1096K, capacity 1173K, committed 1280K, reserved 1048576K
}
Event: 212.847 GC heap after
{Heap after GC invocations=5 (full 0):
 garbage-first heap   total 129024K, used 10098K [0x0000000083600000, 0x0000000100000000)
  region size 1024K, 4 young (4096K), 4 survivors (4096K)
 Metaspace       used 13098K, capacity 13280K, committed 13568K, reserved 1060864K
  class space    used 1096K, capacity 1173K, committed 1280K, reserved 1048576K
}

Deoptimization events (20 events):
Event: 1.089 Thread 0x000001f5a030cff0 DEOPT PACKING pc=0x000001f5a651c4a0 sp=0x0000002007bfdb20
Event: 1.089 Thread 0x000001f5a030cff0 DEOPT UNPACKING pc=0x000001f5a5e7e23f sp=0x0000002007bfcff8 mode 0
Event: 1.509 Thread 0x000001f5a030cff0 DEOPT PACKING pc=0x000001f5a647a3df sp=0x0000002007bfe3b0
Event: 1.509 Thread 0x000001f5a030cff0 DEOPT UNPACKING pc=0x000001f5a5e7e23f sp=0x0000002007bfd828 mode 0
Event: 2.024 Thread 0x000001f5a030cff0 DEOPT PACKING pc=0x000001f5a647a3df sp=0x0000002007bfdb50
Event: 2.024 Thread 0x000001f5a030cff0 DEOPT UNPACKING pc=0x000001f5a5e7e23f sp=0x0000002007bfcfc8 mode 0
Event: 2.128 Thread 0x000001f5a030cff0 DEOPT PACKING pc=0x000001f5a6545039 sp=0x0000002007bfede0
Event: 2.128 Thread 0x000001f5a030cff0 DEOPT UNPACKING pc=0x000001f5a5e7e23f sp=0x0000002007bfe318 mode 0
Event: 2.136 Thread 0x000001f5a030cff0 DEOPT PACKING pc=0x000001f5a6545039 sp=0x0000002007bfede0
Event: 2.136 Thread 0x000001f5a030cff0 DEOPT UNPACKING pc=0x000001f5a5e7e23f sp=0x0000002007bfe318 mode 0
Event: 2.146 Thread 0x000001f5a030cff0 DEOPT PACKING pc=0x000001f5a6545039 sp=0x0000002007bfeda0
Event: 2.146 Thread 0x000001f5a030cff0 DEOPT UNPACKING pc=0x000001f5a5e7e23f sp=0x0000002007bfe2d8 mode 0
Event: 2.156 Thread 0x000001f5a030cff0 DEOPT PACKING pc=0x000001f5a6545039 sp=0x0000002007bfeda0
Event: 2.156 Thread 0x000001f5a030cff0 DEOPT UNPACKING pc=0x000001f5a5e7e23f sp=0x0000002007bfe2d8 mode 0
Event: 2.165 Thread 0x000001f5a030cff0 DEOPT PACKING pc=0x000001f5a6545039 sp=0x0000002007bfee40
Event: 2.165 Thread 0x000001f5a030cff0 DEOPT UNPACKING pc=0x000001f5a5e7e23f sp=0x0000002007bfe378 mode 0
Event: 2.178 Thread 0x000001f5a030cff0 DEOPT PACKING pc=0x000001f5a6545039 sp=0x0000002007bfede0
Event: 2.178 Thread 0x000001f5a030cff0 DEOPT UNPACKING pc=0x000001f5a5e7e23f sp=0x0000002007bfe318 mode 0
Event: 2.191 Thread 0x000001f5a030cff0 DEOPT PACKING pc=0x000001f5a6545039 sp=0x0000002007bfede0
Event: 2.191 Thread 0x000001f5a030cff0 DEOPT UNPACKING pc=0x000001f5a5e7e23f sp=0x0000002007bfe318 mode 0

Classes unloaded (0 events):
No events

Classes redefined (0 events):
No events

Internal exceptions (12 events):
Event: 0.475 Thread 0x000001f5a030cff0 Exception <a 'java/lang/NoSuchMethodError'{0x000000008aeccb30}: 'void java.lang.invoke.DirectMethodHandle$Holder.invokeSpecial(java.lang.Object, java.lang.Object, java.lang.Object)'> (0x000000008aeccb30) 
thrown [./open/src/hotspot/share/interpreter/linkResolver.cpp, line 782]
Event: 0.482 Thread 0x000001f5a030cff0 Exception <a 'java/lang/ClassNotFoundException'{0x000000008aedf900}: sun/awt/resources/spi/awtProvider> (0x000000008aedf900) 
thrown [./open/src/hotspot/share/classfile/systemDictionary.cpp, line 295]
Event: 0.501 Thread 0x000001f5a030cff0 Exception <a 'java/io/FileNotFoundException'{0x000000008ad3a128}> (0x000000008ad3a128) 
thrown [./open/src/hotspot/share/prims/jni.cpp, line 578]
Event: 0.506 Thread 0x000001f5a030cff0 Exception <a 'java/io/FileNotFoundException'{0x000000008ad68ae8}> (0x000000008ad68ae8) 
thrown [./open/src/hotspot/share/prims/jni.cpp, line 578]
Event: 0.507 Thread 0x000001f5a030cff0 Exception <a 'java/lang/NoSuchMethodError'{0x000000008ad6a188}: 'java.lang.Object java.lang.invoke.DirectMethodHandle$Holder.invokeStatic(java.lang.Object)'> (0x000000008ad6a188) 
thrown [./open/src/hotspot/share/interpreter/linkResolver.cpp, line 782]
Event: 0.530 Thread 0x000001f5a030cff0 Exception <a 'java/lang/NoSuchMethodError'{0x000000008adc3e98}: 'void java.lang.invoke.DirectMethodHandle$Holder.invokeStatic(java.lang.Object, java.lang.Object)'> (0x000000008adc3e98) 
thrown [./open/src/hotspot/share/interpreter/linkResolver.cpp, line 782]
Event: 0.530 Thread 0x000001f5a030cff0 Exception <a 'java/lang/NoSuchMethodError'{0x000000008adc7a98}: 'void java.lang.invoke.DirectMethodHandle$Holder.invokeStaticInit(java.lang.Object, java.lang.Object)'> (0x000000008adc7a98) 
thrown [./open/src/hotspot/share/interpreter/linkResolver.cpp, line 782]
Event: 0.538 Thread 0x000001f5a030cff0 Exception <a 'java/lang/NoSuchMethodError'{0x000000008adf4bc8}: 'java.lang.Object java.lang.invoke.DirectMethodHandle$Holder.invokeStaticInit(java.lang.Object, int, int, int, int)'> (0x000000008adf4bc8) 
thrown [./open/src/hotspot/share/interpreter/linkResolver.cpp, line 782]
Event: 0.628 Thread 0x000001f5a030cff0 Exception <a 'java/lang/NoSuchMethodError'{0x000000008ac50060}: 'java.lang.Object java.lang.invoke.DirectMethodHandle$Holder.invokeStaticInit(java.lang.Object, java.lang.Object, int, int, int, int)'> (0x000000008ac50060) 
thrown [./open/src/hotspot/share/interpreter/linkResolver.cpp, line 782]
Event: 0.636 Thread 0x000001f5a030cff0 Exception <a 'java/lang/NoSuchMethodError'{0x000000008ac5d030}: 'java.lang.Object java.lang.invoke.DirectMethodHandle$Holder.invokeStaticInit(java.lang.Object)'> (0x000000008ac5d030) 
thrown [./open/src/hotspot/share/interpreter/linkResolver.cpp, line 782]
Event: 0.831 Thread 0x000001f5a030cff0 Implicit null exception at 0x000001f5ad93c091 to 0x000001f5ad93c464
Event: 0.832 Thread 0x000001f5a030cff0 Implicit null exception at 0x000001f5ad939209 to 0x000001f5ad939488

Events (20 events):
Event: 2.236 Loaded shared library D:\王赫唯\北工大作业大三上\3033J Graphics\3交\final\Assignment3\lwjgl64.dll
Event: 2.259 Loaded shared library D:\王赫唯\北工大作业大三上\3033J Graphics\3交\final\Assignment3\lwjgl64.dll
Event: 2.617 Loaded shared library D:\王赫唯\北工大作业大三上\3033J Graphics\3交\final\Assignment3\lwjgl64.dll
Event: 2.737 Loaded shared library D:\王赫唯\北工大作业大三上\3033J Graphics\3交\final\Assignment3\lwjgl64.dll
Event: 4.739 Loaded shared library D:\王赫唯\北工大作业大三上\3033J Graphics\3交\final\Assignment3\lwjgl64.dll
Event: 7.108 Executing VM operation: G1CollectForAllocation
Event: 7.109 Executing VM operation: G1CollectForAllocation done
Event: 8.109 Executing VM operation: HandshakeAllThreads
Event: 8.109 Executing VM operation: HandshakeAllThreads done
Event: 10.849 Loaded shared library D:\王赫唯\北工大作业大三上\3033J Graphics\3交\final\Assignment3\lwjgl64.dll
Event: 24.314 Loaded shared library D:\王赫唯\北工大作业大三上\3033J Graphics\3交\final\Assignment3\lwjgl64.dll
Event: 24.806 Loaded shared library D:\王赫唯\北工大作业大三上\3033J Graphics\3交\final\Assignment3\lwjgl64.dll
Event: 25.027 Loaded shared library D:\王赫唯\北工大作业大三上\3033J Graphics\3交\final\Assignment3\lwjgl64.dll
Event: 43.307 Loaded shared library D:\王赫唯\北工大作业大三上\3033J Graphics\3交\final\Assignment3\lwjgl64.dll
Event: 43.315 Loaded shared library D:\王赫唯\北工大作业大三上\3033J Graphics\3交\final\Assignment3\lwjgl64.dll
Event: 43.317 Loaded shared library D:\王赫唯\北工大作业大三上\3033J Graphics\3交\final\Assignment3\lwjgl64.dll
Event: 43.319 Loaded shared library D:\王赫唯\北工大作业大三上\3033J Graphics\3交\final\Assignment3\lwjgl64.dll
Event: 47.332 Loaded shared library D:\王赫唯\北工大作业大三上\3033J Graphics\3交\final\Assignment3\lwjgl64.dll
Event: 212.707 Executing VM operation: G1CollectForAllocation
Event: 212.847 Executing VM operation: G1CollectForAllocation done


Dynamic libraries:
0x00007ff6e5250000 - 0x00007ff6e525d000 	C:\Users\Administrator\.p2\pool\plugins\org.eclipse.justj.openjdk.hotspot.jre.full.win32.x86_64_15.0.2.v20210201-0955\jre\bin\javaw.exe
0x00007ff9d9040000 - 0x00007ff9d9230000 	C:\Windows\SYSTEM32\ntdll.dll
0x00007ff9d7af0000 - 0x00007ff9d7ba2000 	C:\Windows\System32\KERNEL32.DLL
0x00007ff9d62c0000 - 0x00007ff9d6565000 	C:\Windows\System32\KERNELBASE.dll
0x00007ff9d3cd0000 - 0x00007ff9d3d5f000 	C:\Windows\SYSTEM32\apphelp.dll
0x00007ff9d6e40000 - 0x00007ff9d6f3a000 	C:\Windows\System32\ucrtbase.dll
0x00007ff9ce000000 - 0x00007ff9ce018000 	C:\Users\Administrator\.p2\pool\plugins\org.eclipse.justj.openjdk.hotspot.jre.full.win32.x86_64_15.0.2.v20210201-0955\jre\bin\jli.dll
0x00007ff9c9250000 - 0x00007ff9c9269000 	C:\Users\Administrator\.p2\pool\plugins\org.eclipse.justj.openjdk.hotspot.jre.full.win32.x86_64_15.0.2.v20210201-0955\jre\bin\VCRUNTIME140.dll
0x00007ff9d70f0000 - 0x00007ff9d7284000 	C:\Windows\System32\USER32.dll
0x00007ff9bfc30000 - 0x00007ff9bfeb4000 	C:\Windows\WinSxS\amd64_microsoft.windows.common-controls_6595b64144ccf1df_6.0.18362.1556_none_9e7e372fe45e41d5\COMCTL32.dll
0x00007ff9d6f60000 - 0x00007ff9d6f81000 	C:\Windows\System32\win32u.dll
0x00007ff9d7bb0000 - 0x00007ff9d7bd6000 	C:\Windows\System32\GDI32.dll
0x00007ff9d8230000 - 0x00007ff9d82ce000 	C:\Windows\System32\msvcrt.dll
0x00007ff9d5fb0000 - 0x00007ff9d6148000 	C:\Windows\System32\gdi32full.dll
0x00007ff9d83e0000 - 0x00007ff9d8716000 	C:\Windows\System32\combase.dll
0x00007ff9d6570000 - 0x00007ff9d660e000 	C:\Windows\System32\msvcp_win.dll
0x00007ff9d79d0000 - 0x00007ff9d7aef000 	C:\Windows\System32\RPCRT4.dll
0x00007ff9d6200000 - 0x00007ff9d6281000 	C:\Windows\System32\bcryptPrimitives.dll
0x00007ff9d83b0000 - 0x00007ff9d83de000 	C:\Windows\System32\IMM32.DLL
0x00007ff9d27b0000 - 0x00007ff9d27bc000 	C:\Users\Administrator\.p2\pool\plugins\org.eclipse.justj.openjdk.hotspot.jre.full.win32.x86_64_15.0.2.v20210201-0955\jre\bin\vcruntime140_1.dll
0x00007ff9bc940000 - 0x00007ff9bc9d1000 	C:\Users\Administrator\.p2\pool\plugins\org.eclipse.justj.openjdk.hotspot.jre.full.win32.x86_64_15.0.2.v20210201-0955\jre\bin\msvcp140.dll
0x00007ff996d00000 - 0x00007ff99785e000 	C:\Users\Administrator\.p2\pool\plugins\org.eclipse.justj.openjdk.hotspot.jre.full.win32.x86_64_15.0.2.v20210201-0955\jre\bin\server\jvm.dll
0x00007ff9d7290000 - 0x00007ff9d7333000 	C:\Windows\System32\ADVAPI32.dll
0x00007ff9d7c60000 - 0x00007ff9d7cf7000 	C:\Windows\System32\sechost.dll
0x00007ff9d8ff0000 - 0x00007ff9d8ff8000 	C:\Windows\System32\PSAPI.DLL
0x00007ff9d26d0000 - 0x00007ff9d26d9000 	C:\Windows\SYSTEM32\WSOCK32.dll
0x00007ff9cfb80000 - 0x00007ff9cfb8a000 	C:\Windows\SYSTEM32\VERSION.dll
0x00007ff9d82d0000 - 0x00007ff9d833f000 	C:\Windows\System32\WS2_32.dll
0x00007ff9d3aa0000 - 0x00007ff9d3ac4000 	C:\Windows\SYSTEM32\WINMM.dll
0x00007ff9d3a70000 - 0x00007ff9d3a9d000 	C:\Windows\SYSTEM32\WINMMBASE.dll
0x00007ff9d6610000 - 0x00007ff9d665a000 	C:\Windows\System32\cfgmgr32.dll
0x00007ff9d5f90000 - 0x00007ff9d5fa1000 	C:\Windows\System32\kernel.appcore.dll
0x00007ff9ce030000 - 0x00007ff9ce03a000 	C:\Users\Administrator\.p2\pool\plugins\org.eclipse.justj.openjdk.hotspot.jre.full.win32.x86_64_15.0.2.v20210201-0955\jre\bin\jimage.dll
0x00007ff9d3fc0000 - 0x00007ff9d41b4000 	C:\Windows\SYSTEM32\DBGHELP.DLL
0x00007ff9b9080000 - 0x00007ff9b90aa000 	C:\Windows\SYSTEM32\dbgcore.DLL
0x00007ff9c92c0000 - 0x00007ff9c92e5000 	C:\Users\Administrator\.p2\pool\plugins\org.eclipse.justj.openjdk.hotspot.jre.full.win32.x86_64_15.0.2.v20210201-0955\jre\bin\java.dll
0x00007ff9c9270000 - 0x00007ff9c9288000 	C:\Users\Administrator\.p2\pool\plugins\org.eclipse.justj.openjdk.hotspot.jre.full.win32.x86_64_15.0.2.v20210201-0955\jre\bin\zip.dll
0x00007ff9d8900000 - 0x00007ff9d8fe7000 	C:\Windows\System32\SHELL32.dll
0x00007ff9d7d10000 - 0x00007ff9d7db8000 	C:\Windows\System32\shcore.dll
0x00007ff9d6660000 - 0x00007ff9d6ddb000 	C:\Windows\System32\windows.storage.dll
0x00007ff9d5f00000 - 0x00007ff9d5f1e000 	C:\Windows\System32\profapi.dll
0x00007ff9d5f20000 - 0x00007ff9d5f6a000 	C:\Windows\System32\powrprof.dll
0x00007ff9d5ef0000 - 0x00007ff9d5f00000 	C:\Windows\System32\UMPDC.dll
0x00007ff9d74f0000 - 0x00007ff9d7542000 	C:\Windows\System32\shlwapi.dll
0x00007ff9d6f40000 - 0x00007ff9d6f57000 	C:\Windows\System32\cryptsp.dll
0x00007ff9c0050000 - 0x00007ff9c0069000 	C:\Users\Administrator\.p2\pool\plugins\org.eclipse.justj.openjdk.hotspot.jre.full.win32.x86_64_15.0.2.v20210201-0955\jre\bin\net.dll
0x00007ff9d0900000 - 0x00007ff9d09fa000 	C:\Windows\SYSTEM32\WINHTTP.dll
0x00007ff9d5730000 - 0x00007ff9d5797000 	C:\Windows\system32\mswsock.dll
0x00007ff9bf9d0000 - 0x00007ff9bf9e2000 	C:\Users\Administrator\.p2\pool\plugins\org.eclipse.justj.openjdk.hotspot.jre.full.win32.x86_64_15.0.2.v20210201-0955\jre\bin\nio.dll
0x00007ff9cc750000 - 0x00007ff9cc760000 	C:\Users\Administrator\.p2\pool\plugins\org.eclipse.justj.openjdk.hotspot.jre.full.win32.x86_64_15.0.2.v20210201-0955\jre\bin\verify.dll
0x0000000180000000 - 0x0000000180053000 	D:\王赫唯\北工大作业大三上\3033J Graphics\3交\final\Assignment3\lwjgl64.dll
0x00007ff9bbe10000 - 0x00007ff9bbf66000 	C:\Windows\SYSTEM32\OPENGL32.dll
0x00007ff9bbca0000 - 0x00007ff9bbccc000 	C:\Windows\SYSTEM32\GLU32.dll
0x00007ff9d4ba0000 - 0x00007ff9d4bc0000 	C:\Windows\SYSTEM32\dxcore.dll
0x00007ff9d0e30000 - 0x00007ff9d0ede000 	C:\Windows\SYSTEM32\mscms.dll
0x00007ff9d5e10000 - 0x00007ff9d5e35000 	C:\Windows\SYSTEM32\USERENV.dll
0x00007ff9d0cc0000 - 0x00007ff9d0cd7000 	C:\Windows\SYSTEM32\ColorAdapterClient.dll
0x00007ff9d75d0000 - 0x00007ff9d7695000 	C:\Windows\System32\OLEAUT32.dll
0x00007ff9d8720000 - 0x00007ff9d87c2000 	C:\Windows\System32\clbcatq.dll
0x00007ff9cc370000 - 0x00007ff9cc38a000 	C:\Windows\System32\Windows.Internal.Graphics.Display.DisplayColorManagement.dll
0x00007ff9d3e00000 - 0x00007ff9d3e99000 	C:\Windows\system32\uxtheme.dll
0x00007ff9d7890000 - 0x00007ff9d79c5000 	C:\Windows\System32\MSCTF.dll
0x00007ff987ae0000 - 0x00007ff988ab2000 	C:\Windows\System32\DriverStore\FileRepository\iigd_dch.inf_amd64_ff5b2fc3560f4482\ig9icd64.dll
0x00007ff9d7710000 - 0x00007ff9d7867000 	C:\Windows\System32\ole32.dll
0x00007ff9d4650000 - 0x00007ff9d467d000 	C:\Windows\system32\dwmapi.dll
0x00007ff9d4bc0000 - 0x00007ff9d4cab000 	C:\Windows\system32\dxgi.dll
0x00007ff9c8490000 - 0x00007ff9c86e8000 	C:\Windows\System32\DriverStore\FileRepository\iigd_dch.inf_amd64_ff5b2fc3560f4482\igdgmm64.dll
0x00007ff9c88f0000 - 0x00007ff9c898b000 	C:\Windows\System32\TextInputFramework.dll
0x00007ff9cee40000 - 0x00007ff9cf16a000 	C:\Windows\System32\CoreUIComponents.dll
0x00007ff9d3620000 - 0x00007ff9d36f4000 	C:\Windows\System32\CoreMessaging.dll
0x00007ff9d4f30000 - 0x00007ff9d4f61000 	C:\Windows\SYSTEM32\ntmarta.dll
0x00007ff9d1a60000 - 0x00007ff9d1bb2000 	C:\Windows\SYSTEM32\wintypes.dll
0x00007ff9c4400000 - 0x00007ff9c46a7000 	C:\Windows\System32\iertutil.dll
0x00007ff9a0a10000 - 0x00007ff9a0a53000 	C:\Windows\SYSTEM32\icm32.dll
0x00007ff9940f0000 - 0x00007ff99450a000 	C:\Windows\System32\DriverStore\FileRepository\iigd_dch.inf_amd64_ff5b2fc3560f4482\igdml64.dll
0x00007ff9c46b0000 - 0x00007ff9c7390000 	C:\Windows\System32\DriverStore\FileRepository\iigd_dch.inf_amd64_ff5b2fc3560f4482\igc64.dll
0x00007ff9b39c0000 - 0x00007ff9b3b3f000 	C:\Users\Administrator\.p2\pool\plugins\org.eclipse.justj.openjdk.hotspot.jre.full.win32.x86_64_15.0.2.v20210201-0955\jre\bin\awt.dll
0x00007ff9d52b0000 - 0x00007ff9d52e3000 	C:\Windows\system32\rsaenh.dll
0x00007ff9d6290000 - 0x00007ff9d62b6000 	C:\Windows\System32\bcrypt.dll
0x00007ff9d5900000 - 0x00007ff9d590c000 	C:\Windows\SYSTEM32\CRYPTBASE.dll
0x00007ff9d5440000 - 0x00007ff9d547a000 	C:\Windows\SYSTEM32\IPHLPAPI.DLL
0x00007ff9d76a0000 - 0x00007ff9d76a8000 	C:\Windows\System32\NSI.dll
0x00007ff9cc150000 - 0x00007ff9cc166000 	C:\Windows\SYSTEM32\dhcpcsvc6.DLL
0x00007ff9cc350000 - 0x00007ff9cc36c000 	C:\Windows\SYSTEM32\dhcpcsvc.DLL
0x00007ff9d5480000 - 0x00007ff9d554b000 	C:\Windows\SYSTEM32\DNSAPI.dll
0x00007ff9bc7f0000 - 0x00007ff9bc81d000 	C:\Users\Administrator\.p2\pool\plugins\org.eclipse.justj.openjdk.hotspot.jre.full.win32.x86_64_15.0.2.v20210201-0955\jre\bin\javajpeg.dll

dbghelp: loaded successfully - version: 4.0.5 - missing functions: none
symbol engine: initialized successfully - sym options: 0x614 - pdb path: .;C:\Users\Administrator\.p2\pool\plugins\org.eclipse.justj.openjdk.hotspot.jre.full.win32.x86_64_15.0.2.v20210201-0955\jre\bin;C:\Windows\SYSTEM32;C:\Windows\WinSxS\amd64_microsoft.windows.common-controls_6595b64144ccf1df_6.0.18362.1556_none_9e7e372fe45e41d5;C:\Users\Administrator\.p2\pool\plugins\org.eclipse.justj.openjdk.hotspot.jre.full.win32.x86_64_15.0.2.v20210201-0955\jre\bin\server;D:\王赫唯\北工大作业大三上\3033J Graphics\3交\final;D:\王赫唯\北工大作业大三上\3033J Graphics\3交\final\Assignment3;C:\Windows\System32\DriverStore\FileRepository\iigd_dch.in;C:\Windows\System32\DriverStore\FileRepository\iigd_dch.in;C:\Windows\System32\DriverStore\FileRepository\iigd_dch.in;C:\Windows\System32\DriverStore\FileRepository\iigd_dch.in

VM Arguments:
jvm_args: -Dfile.encoding=GBK -XX:+ShowCodeDetailsInExceptionMessages 
java_command: MainWindow
java_class_path (initial): D:\王赫唯\北工大作业大三上\3033J Graphics\3交\final\Assignment3\bin;D:\王赫唯\北工大作业大三上\3033J Graphics\3交\final\Assignment3\LWJGL\AppleJavaExtensions.jar;D:\王赫唯\北工大作业大三上\3033J Graphics\3交\final\Assignment3\LWJGL\asm-debug-all.jar;D:\王赫唯\北工大作业大三上\3033J Graphics\3交\final\Assignment3\LWJGL\jinput.jar;D:\王赫唯\北工大作业大三上\3033J Graphics\3交\final\Assignment3\LWJGL\laf-plugin-7.2.1.jar;D:\王赫唯\北工大作业大三上\3033J Graphics\3交\final\Assignment3\LWJGL\laf-widget-7.2.1.jar;D:\王赫唯\北工大作业大三上\3033J Graphics\3交\final\Assignment3\LWJGL\log4j-api-2.0-beta9.jar;D:\王赫唯\北工大作业大三上\3033J Graphics\3交\final\Assignment3\LWJGL\lwjgl_test.jar;D:\王赫唯\北工大作业大三上\3033J Graphics\3交\final\Assignment3\LWJGL\lwjgl_util_applet.jar;D:\王赫唯\北工大作业大三上\3033J Graphics\3交\final\Assignment3\LWJGL\lwjgl_util.jar;D:\王赫唯\北工大作业大三上\3033J Graphics\3交\final\Assignment3\LWJGL\lwjgl-debug.jar;D:\王赫唯\北工大作业大三上\3033J Graphics\3交\final\Assignment3\LWJGL\lwjgl.jar;D:\王赫唯\北工大作业大三上\3033J Graphics\3交\final\Assignment3\LWJGL\lzma.jar;D:\王赫唯\北工大作业大三上\3033J Graphics\3交\final\Assignment3\LWJGL\substance-7.2.1.jar;D:\王赫唯\北工大作业大三上\3033J Graphics\3交\final\Assignment3\LWJGL\trident-7.2.1.jar;D:\王赫唯\北工大作业大三上\3033J Graphics\3交\final\Assignment3\LWJGL\slick-util.jar
Launcher Type: SUN_STANDARD

[Global flags]
     intx CICompilerCount                          = 4                                         {product} {ergonomic}
     uint ConcGCThreads                            = 2                                         {product} {ergonomic}
     uint G1ConcRefinementThreads                  = 8                                         {product} {ergonomic}
   size_t G1HeapRegionSize                         = 1048576                                   {product} {ergonomic}
    uintx GCDrainStackTargetSize                   = 64                                        {product} {ergonomic}
   size_t InitialHeapSize                          = 132120576                                 {product} {ergonomic}
   size_t MarkStackSize                            = 4194304                                   {product} {ergonomic}
   size_t MaxHeapSize                              = 2090860544                                {product} {ergonomic}
   size_t MaxNewSize                               = 1254096896                                {product} {ergonomic}
   size_t MinHeapDeltaBytes                        = 1048576                                   {product} {ergonomic}
   size_t MinHeapSize                              = 8388608                                   {product} {ergonomic}
    uintx NonNMethodCodeHeapSize                   = 5839372                                {pd product} {ergonomic}
    uintx NonProfiledCodeHeapSize                  = 122909434                              {pd product} {ergonomic}
    uintx ProfiledCodeHeapSize                     = 122909434                              {pd product} {ergonomic}
    uintx ReservedCodeCacheSize                    = 251658240                              {pd product} {ergonomic}
     bool SegmentedCodeCache                       = true                                      {product} {ergonomic}
     bool ShowCodeDetailsInExceptionMessages       = true                                   {manageable} {command line}
   size_t SoftMaxHeapSize                          = 2090860544                             {manageable} {ergonomic}
     bool UseCompressedClassPointers               = true                                 {lp64_product} {ergonomic}
     bool UseCompressedOops                        = true                                 {lp64_product} {ergonomic}
     bool UseG1GC                                  = true                                      {product} {ergonomic}
     bool UseLargePagesIndividualAllocation        = false                                  {pd product} {ergonomic}

Logging:
Log output configuration:
 #0: stdout all=warning uptime,level,tags
 #1: stderr all=off uptime,level,tags

Environment Variables:
PATH=C:/Users/Administrator/.p2/pool/plugins/org.eclipse.justj.openjdk.hotspot.jre.full.win32.x86_64_15.0.2.v20210201-0955/jre/bin/server;C:/Users/Administrator/.p2/pool/plugins/org.eclipse.justj.openjdk.hotspot.jre.full.win32.x86_64_15.0.2.v20210201-0955/jre/bin;C:\Windows\system32;C:\Windows;C:\Windows\System32\Wbem;C:\Windows\System32\WindowsPowerShell\v1.0\;C:\Windows\System32\OpenSSH\;C:\Users\Administrator\AppData\Local\Android\Sdk;C:\Users\Administrator\.android\cache;C:\Program Files\Git\cmd;C:\Program Files (x86)\MySQL Server 5.5\bin;D:\MySQL2021\bin;C:\Users\Administrator\AppData\Local\Programs\Python\Python38\Scripts\;C:\Users\Administrator\AppData\Local\Programs\Python\Python38\;C:\Users\Administrator\AppData\Local\Microsoft\WindowsApps;;D:\PyCharm 2021.1.3\bin;;D:\Microsoft VS Code\bin;C:\Program Files\JetBrains\IntelliJ IDEA Community Edition 2021.2.1\bin;;C:\Windows\system32;
USERNAME=Administrator
OS=Windows_NT
PROCESSOR_IDENTIFIER=Intel64 Family 6 Model 158 Stepping 10, GenuineIntel



---------------  S Y S T E M  ---------------

OS:
 Windows 10 , 64 bit Build 18362 (10.0.18362.1500)
OS uptime: 13 days 15:29 hours

CPU: total 8 (initial active 8) (4 cores per cpu, 2 threads per core) family 6 model 158 stepping 10 microcode 0xde, cmov, cx8, fxsr, mmx, sse, sse2, sse3, ssse3, sse4.1, sse4.2, popcnt, vzeroupper, avx, avx2, aes, clmul, erms, 3dnowpref, lzcnt, ht, tsc, tscinvbit, bmi1, bmi2, adx, fma, clflush, clflushopt

Memory: 4k page, system-wide physical 7973M (3127M free)
TotalPageFile size 28819M (AvailPageFile size 6317M)
current process WorkingSet (physical memory assigned to process): 142M, peak: 3728M
current process commit charge ("private bytes"): 1083M, peak: 4077M

vm_info: OpenJDK 64-Bit Server VM (15.0.2+7-27) for windows-amd64 JRE (15.0.2+7-27), built on Dec  7 2020 20:02:38 by "mach5one" with unknown MS VC++:1925

END.
